<?xml version="1.0" encoding="UTF-8"?>
<!-- Generated by org.testng.reporters.JUnitXMLReporter -->
<testsuite ignored="12" hostname="LAP00207" failures="0" tests="4" name="Test" time="15.67" errors="0" timestamp="2024-06-26T14:33:45 IST">
  <testcase classname="com.framework.Tests.Divami" name="divamiTest" time="7.506"/>
  <testcase classname="com.framework.Tests.AmazonTest" name="amazonTest" time="3.495"/>
  <testcase classname="com.framework.Tests.MytraTest" name="mytraTest" time="1.512"/>
  <testcase classname="com.framework.Tests.Filpkart" name="filpkartTest" time="2.47"/>
  <testcase classname="com.framework.BaseClass.BaseTest" name="@BeforeTest initReport" time="0.0">
    <ignored/>
  </testcase> <!-- @BeforeTest initReport -->
  <testcase classname="com.framework.BaseClass.BaseTest" name="@BeforeTest initReport" time="0.0">
    <ignored/>
  </testcase> <!-- @BeforeTest initReport -->
  <testcase classname="com.framework.BaseClass.BaseTest" name="@AfterTest closeReport" time="0.0">
    <ignored/>
  </testcase> <!-- @AfterTest closeReport -->
  <testcase classname="com.framework.BaseClass.BaseTest" name="@AfterTest closeReport" time="0.0">
    <ignored/>
  </testcase> <!-- @AfterTest closeReport -->
  <testcase classname="com.framework.BaseClass.BaseTest" name="@BeforeTest initReport" time="0.0">
    <ignored/>
  </testcase> <!-- @BeforeTest initReport -->
  <testcase classname="com.framework.BaseClass.BaseTest" name="@AfterTest closeReport" time="0.0">
    <ignored/>
  </testcase> <!-- @AfterTest closeReport -->
  <testcase classname="com.framework.BaseClass.BaseTest" name="@BeforeSuite openBrowser" time="0.0">
    <ignored/>
  </testcase> <!-- @BeforeSuite openBrowser -->
  <testcase classname="com.framework.BaseClass.BaseTest" name="@AfterSuite closeBrowser" time="0.0">
    <ignored/>
  </testcase> <!-- @AfterSuite closeBrowser -->
  <testcase classname="com.framework.BaseClass.BaseTest" name="@BeforeSuite openBrowser" time="0.0">
    <ignored/>
  </testcase> <!-- @BeforeSuite openBrowser -->
  <testcase classname="com.framework.BaseClass.BaseTest" name="@AfterSuite closeBrowser" time="0.0">
    <ignored/>
  </testcase> <!-- @AfterSuite closeBrowser -->
  <testcase classname="com.framework.BaseClass.BaseTest" name="@AfterSuite closeBrowser" time="0.0">
    <ignored/>
  </testcase> <!-- @AfterSuite closeBrowser -->
  <testcase classname="com.framework.BaseClass.BaseTest" name="@BeforeSuite openBrowser" time="0.0">
    <ignored/>
  </testcase> <!-- @BeforeSuite openBrowser -->
</testsuite> <!-- Test -->
